[Sun Oct 27 2013 19:10:41 GMT+0800 (CST)] /goods/526cef9d72dd1ec848000002
TypeError: /home/qiuxj/WorkSpace-Node/xjoy/views/goods/detail.jade:1
  > 1| - each item in goods_list
    2| 	=item.name
    3| 	br

Cannot read property 'length' of undefined
    at eval (eval at <anonymous> (/home/qiuxj/WorkSpace-Node/xjoy/node_modules/jade/lib/jade.js:152:8), <anonymous>:10:31)
    at eval (eval at <anonymous> (/home/qiuxj/WorkSpace-Node/xjoy/node_modules/jade/lib/jade.js:152:8), <anonymous>:41:4)
    at /home/qiuxj/WorkSpace-Node/xjoy/node_modules/jade/lib/jade.js:153:35
    at Object.exports.render (/home/qiuxj/WorkSpace-Node/xjoy/node_modules/jade/lib/jade.js:197:10)
    at Object.exports.renderFile (/home/qiuxj/WorkSpace-Node/xjoy/node_modules/jade/lib/jade.js:233:18)
    at View.exports.renderFile [as engine] (/home/qiuxj/WorkSpace-Node/xjoy/node_modules/jade/lib/jade.js:218:21)
    at View.render (/home/qiuxj/WorkSpace-Node/xjoy/node_modules/express/lib/view.js:75:8)
    at Function.app.render (/home/qiuxj/WorkSpace-Node/xjoy/node_modules/express/lib/application.js:500:10)
    at ServerResponse.res.render [as _render] (/home/qiuxj/WorkSpace-Node/xjoy/node_modules/express/lib/response.js:755:7)
    at ServerResponse.res.render (/home/qiuxj/WorkSpace-Node/xjoy/libs/helpers.js:61:13)
[Sun Oct 27 2013 19:10:41 GMT+0800 (CST)] /favicon.ico
Error: ENOENT, open '/home/qiuxj/WorkSpace-Node/xjoy/public/images/favicon.ico'
[Sun Oct 27 2013 19:11:03 GMT+0800 (CST)] /favicon.ico
Error: ENOENT, open '/home/qiuxj/WorkSpace-Node/xjoy/public/images/favicon.ico'
[Sun Oct 27 2013 19:11:38 GMT+0800 (CST)] /favicon.ico
Error: ENOENT, open '/home/qiuxj/WorkSpace-Node/xjoy/public/images/favicon.ico'
[Sun Oct 27 2013 19:11:51 GMT+0800 (CST)] /favicon.ico
Error: ENOENT, open '/home/qiuxj/WorkSpace-Node/xjoy/public/images/favicon.ico'
[Sun Oct 27 2013 19:13:25 GMT+0800 (CST)] /goods/526cef9d72dd1ec848000002
Error: /home/qiuxj/WorkSpace-Node/xjoy/views/goods/detail.jade:5
    3| block content
    4| 	.panel.panel-default
  > 5|     .panel-body
    6|       h3.text-center= goods.name 
    7|       ul.list-inline.text-center 
    8|         li

Invalid indentation, you can use tabs or spaces but not both
    at Object.Lexer.indent (/home/qiuxj/WorkSpace-Node/xjoy/node_modules/jade/lib/lexer.js:691:15)
    at Object.Lexer.next (/home/qiuxj/WorkSpace-Node/xjoy/node_modules/jade/lib/lexer.js:789:15)
    at Object.Lexer.lookahead (/home/qiuxj/WorkSpace-Node/xjoy/node_modules/jade/lib/lexer.js:122:46)
    at Object.Parser.lookahead (/home/qiuxj/WorkSpace-Node/xjoy/node_modules/jade/lib/parser.js:116:23)
    at Object.Parser.peek (/home/qiuxj/WorkSpace-Node/xjoy/node_modules/jade/lib/parser.js:93:17)
    at Object.Parser.tag (/home/qiuxj/WorkSpace-Node/xjoy/node_modules/jade/lib/parser.js:641:22)
    at Object.Parser.parseTag (/home/qiuxj/WorkSpace-Node/xjoy/node_modules/jade/lib/parser.js:625:17)
    at Object.Parser.parseExpr (/home/qiuxj/WorkSpace-Node/xjoy/node_modules/jade/lib/parser.js:199:21)
    at Object.Parser.parseExpr (/home/qiuxj/WorkSpace-Node/xjoy/node_modules/jade/lib/parser.js:240:21)
    at Object.Parser.block (/home/qiuxj/WorkSpace-Node/xjoy/node_modules/jade/lib/parser.js:593:25)
[Sun Oct 27 2013 19:13:25 GMT+0800 (CST)] /favicon.ico
Error: ENOENT, open '/home/qiuxj/WorkSpace-Node/xjoy/public/images/favicon.ico'
[Sun Oct 27 2013 19:13:33 GMT+0800 (CST)] /goods/526cef9d72dd1ec848000002
Error: /home/qiuxj/WorkSpace-Node/xjoy/views/goods/detail.jade:5
    3| block content
    4| 	.panel.panel-default
  > 5|     .panel-body
    6|       h3.text-center= goods.name 
    7|       ul.list-inline.text-center 
    8|         li

Invalid indentation, you can use tabs or spaces but not both
    at Object.Lexer.indent (/home/qiuxj/WorkSpace-Node/xjoy/node_modules/jade/lib/lexer.js:691:15)
    at Object.Lexer.next (/home/qiuxj/WorkSpace-Node/xjoy/node_modules/jade/lib/lexer.js:789:15)
    at Object.Lexer.lookahead (/home/qiuxj/WorkSpace-Node/xjoy/node_modules/jade/lib/lexer.js:122:46)
    at Object.Parser.lookahead (/home/qiuxj/WorkSpace-Node/xjoy/node_modules/jade/lib/parser.js:116:23)
    at Object.Parser.peek (/home/qiuxj/WorkSpace-Node/xjoy/node_modules/jade/lib/parser.js:93:17)
    at Object.Parser.tag (/home/qiuxj/WorkSpace-Node/xjoy/node_modules/jade/lib/parser.js:641:22)
    at Object.Parser.parseTag (/home/qiuxj/WorkSpace-Node/xjoy/node_modules/jade/lib/parser.js:625:17)
    at Object.Parser.parseExpr (/home/qiuxj/WorkSpace-Node/xjoy/node_modules/jade/lib/parser.js:199:21)
    at Object.Parser.parseExpr (/home/qiuxj/WorkSpace-Node/xjoy/node_modules/jade/lib/parser.js:240:21)
    at Object.Parser.block (/home/qiuxj/WorkSpace-Node/xjoy/node_modules/jade/lib/parser.js:593:25)
[Sun Oct 27 2013 19:13:33 GMT+0800 (CST)] /favicon.ico
Error: ENOENT, open '/home/qiuxj/WorkSpace-Node/xjoy/public/images/favicon.ico'
[Sun Oct 27 2013 19:13:37 GMT+0800 (CST)] /goods/526cef9d72dd1ec848000002
Error: /home/qiuxj/WorkSpace-Node/xjoy/views/goods/detail.jade:5
    3| block content
    4| 	.panel.panel-default
  > 5|     .panel-body
    6|       h3.text-center= goods.name 
    7|       ul.list-inline.text-center 
    8|         li

Invalid indentation, you can use tabs or spaces but not both
    at Object.Lexer.indent (/home/qiuxj/WorkSpace-Node/xjoy/node_modules/jade/lib/lexer.js:691:15)
    at Object.Lexer.next (/home/qiuxj/WorkSpace-Node/xjoy/node_modules/jade/lib/lexer.js:789:15)
    at Object.Lexer.lookahead (/home/qiuxj/WorkSpace-Node/xjoy/node_modules/jade/lib/lexer.js:122:46)
    at Object.Parser.lookahead (/home/qiuxj/WorkSpace-Node/xjoy/node_modules/jade/lib/parser.js:116:23)
    at Object.Parser.peek (/home/qiuxj/WorkSpace-Node/xjoy/node_modules/jade/lib/parser.js:93:17)
    at Object.Parser.tag (/home/qiuxj/WorkSpace-Node/xjoy/node_modules/jade/lib/parser.js:641:22)
    at Object.Parser.parseTag (/home/qiuxj/WorkSpace-Node/xjoy/node_modules/jade/lib/parser.js:625:17)
    at Object.Parser.parseExpr (/home/qiuxj/WorkSpace-Node/xjoy/node_modules/jade/lib/parser.js:199:21)
    at Object.Parser.parseExpr (/home/qiuxj/WorkSpace-Node/xjoy/node_modules/jade/lib/parser.js:240:21)
    at Object.Parser.block (/home/qiuxj/WorkSpace-Node/xjoy/node_modules/jade/lib/parser.js:593:25)
[Sun Oct 27 2013 19:13:38 GMT+0800 (CST)] /favicon.ico
Error: ENOENT, open '/home/qiuxj/WorkSpace-Node/xjoy/public/images/favicon.ico'
[Sun Oct 27 2013 19:14:30 GMT+0800 (CST)] /favicon.ico
Error: ENOENT, open '/home/qiuxj/WorkSpace-Node/xjoy/public/images/favicon.ico'
[Sun Oct 27 2013 19:16:42 GMT+0800 (CST)] /goods/526cef9d72dd1ec848000002
Error: /home/qiuxj/WorkSpace-Node/xjoy/views/goods/detail.jade:6
    4|   .panel.panel-default
    5|     .panel-body
  > 6|     	.row
    7|     		.col-sm-6
    8|     			.thumbnail
    9|             img.image-sm(src='#{goods.image_url}')

Invalid indentation, you can use tabs or spaces but not both
    at Object.Lexer.indent (/home/qiuxj/WorkSpace-Node/xjoy/node_modules/jade/lib/lexer.js:691:15)
    at Object.Lexer.next (/home/qiuxj/WorkSpace-Node/xjoy/node_modules/jade/lib/lexer.js:789:15)
    at Object.Lexer.lookahead (/home/qiuxj/WorkSpace-Node/xjoy/node_modules/jade/lib/lexer.js:122:46)
    at Object.Parser.lookahead (/home/qiuxj/WorkSpace-Node/xjoy/node_modules/jade/lib/parser.js:116:23)
    at Object.Parser.peek (/home/qiuxj/WorkSpace-Node/xjoy/node_modules/jade/lib/parser.js:93:17)
    at Object.Parser.tag (/home/qiuxj/WorkSpace-Node/xjoy/node_modules/jade/lib/parser.js:641:22)
    at Object.Parser.parseTag (/home/qiuxj/WorkSpace-Node/xjoy/node_modules/jade/lib/parser.js:625:17)
    at Object.Parser.parseExpr (/home/qiuxj/WorkSpace-Node/xjoy/node_modules/jade/lib/parser.js:199:21)
    at Object.Parser.parseExpr (/home/qiuxj/WorkSpace-Node/xjoy/node_modules/jade/lib/parser.js:240:21)
    at Object.Parser.block (/home/qiuxj/WorkSpace-Node/xjoy/node_modules/jade/lib/parser.js:593:25)
[Sun Oct 27 2013 19:16:42 GMT+0800 (CST)] /favicon.ico
Error: ENOENT, open '/home/qiuxj/WorkSpace-Node/xjoy/public/images/favicon.ico'
[Sun Oct 27 2013 19:17:16 GMT+0800 (CST)] /favicon.ico
Error: ENOENT, open '/home/qiuxj/WorkSpace-Node/xjoy/public/images/favicon.ico'
[Sun Oct 27 2013 19:18:04 GMT+0800 (CST)] /favicon.ico
Error: ENOENT, open '/home/qiuxj/WorkSpace-Node/xjoy/public/images/favicon.ico'
[Sun Oct 27 2013 19:18:14 GMT+0800 (CST)] /favicon.ico
Error: ENOENT, open '/home/qiuxj/WorkSpace-Node/xjoy/public/images/favicon.ico'
[Sun Oct 27 2013 19:18:29 GMT+0800 (CST)] /favicon.ico
Error: ENOENT, open '/home/qiuxj/WorkSpace-Node/xjoy/public/images/favicon.ico'
[Sun Oct 27 2013 19:19:05 GMT+0800 (CST)] /favicon.ico
Error: ENOENT, open '/home/qiuxj/WorkSpace-Node/xjoy/public/images/favicon.ico'
[Sun Oct 27 2013 19:19:14 GMT+0800 (CST)] /favicon.ico
Error: ENOENT, open '/home/qiuxj/WorkSpace-Node/xjoy/public/images/favicon.ico'
[Sun Oct 27 2013 19:19:52 GMT+0800 (CST)] /favicon.ico
Error: ENOENT, open '/home/qiuxj/WorkSpace-Node/xjoy/public/images/favicon.ico'
[Sun Oct 27 2013 19:20:06 GMT+0800 (CST)] /favicon.ico
Error: ENOENT, open '/home/qiuxj/WorkSpace-Node/xjoy/public/images/favicon.ico'
[Sun Oct 27 2013 19:21:11 GMT+0800 (CST)] /favicon.ico
Error: ENOENT, open '/home/qiuxj/WorkSpace-Node/xjoy/public/images/favicon.ico'
[Sun Oct 27 2013 19:21:34 GMT+0800 (CST)] /goods/526cef9d72dd1ec848000002
Error: /home/qiuxj/WorkSpace-Node/xjoy/views/goods/detail.jade:13
    11|           h3= goods.name 
    12|           p= goods.desc
  > 13| 	  .panel.panel-default
    14| 	    .panel-body        
    15|       	!{goods.content}

Invalid indentation, you can use tabs or spaces but not both
    at Object.Lexer.indent (/home/qiuxj/WorkSpace-Node/xjoy/node_modules/jade/lib/lexer.js:691:15)
    at Object.Lexer.next (/home/qiuxj/WorkSpace-Node/xjoy/node_modules/jade/lib/lexer.js:789:15)
    at Object.Lexer.lookahead (/home/qiuxj/WorkSpace-Node/xjoy/node_modules/jade/lib/lexer.js:122:46)
    at Object.Parser.lookahead (/home/qiuxj/WorkSpace-Node/xjoy/node_modules/jade/lib/parser.js:116:23)
    at Object.Parser.parseCode (/home/qiuxj/WorkSpace-Node/xjoy/node_modules/jade/lib/parser.js:311:17)
    at Object.Parser.tag (/home/qiuxj/WorkSpace-Node/xjoy/node_modules/jade/lib/parser.js:682:25)
    at Object.Parser.parseTag (/home/qiuxj/WorkSpace-Node/xjoy/node_modules/jade/lib/parser.js:625:17)
    at Object.Parser.parseExpr (/home/qiuxj/WorkSpace-Node/xjoy/node_modules/jade/lib/parser.js:199:21)
    at Object.Parser.block (/home/qiuxj/WorkSpace-Node/xjoy/node_modules/jade/lib/parser.js:593:25)
    at Object.Parser.tag (/home/qiuxj/WorkSpace-Node/xjoy/node_modules/jade/lib/parser.js:722:26)
[Sun Oct 27 2013 19:21:34 GMT+0800 (CST)] /favicon.ico
Error: ENOENT, open '/home/qiuxj/WorkSpace-Node/xjoy/public/images/favicon.ico'
[Sun Oct 27 2013 19:21:55 GMT+0800 (CST)] /favicon.ico
Error: ENOENT, open '/home/qiuxj/WorkSpace-Node/xjoy/public/images/favicon.ico'
[Sun Oct 27 2013 19:22:31 GMT+0800 (CST)] /favicon.ico
Error: ENOENT, open '/home/qiuxj/WorkSpace-Node/xjoy/public/images/favicon.ico'
[Sun Oct 27 2013 19:22:44 GMT+0800 (CST)] /favicon.ico
Error: ENOENT, open '/home/qiuxj/WorkSpace-Node/xjoy/public/images/favicon.ico'
[Sun Oct 27 2013 19:22:48 GMT+0800 (CST)] /favicon.ico
Error: ENOENT, open '/home/qiuxj/WorkSpace-Node/xjoy/public/images/favicon.ico'
[Sun Oct 27 2013 19:23:02 GMT+0800 (CST)] /favicon.ico
Error: ENOENT, open '/home/qiuxj/WorkSpace-Node/xjoy/public/images/favicon.ico'
[Sun Oct 27 2013 19:23:38 GMT+0800 (CST)] /favicon.ico
Error: ENOENT, open '/home/qiuxj/WorkSpace-Node/xjoy/public/images/favicon.ico'
[Sun Oct 27 2013 19:23:50 GMT+0800 (CST)] /favicon.ico
Error: ENOENT, open '/home/qiuxj/WorkSpace-Node/xjoy/public/images/favicon.ico'
[Sun Oct 27 2013 19:23:52 GMT+0800 (CST)] /favicon.ico
Error: ENOENT, open '/home/qiuxj/WorkSpace-Node/xjoy/public/images/favicon.ico'
[Sun Oct 27 2013 19:23:54 GMT+0800 (CST)] /favicon.ico
Error: ENOENT, open '/home/qiuxj/WorkSpace-Node/xjoy/public/images/favicon.ico'
[Sun Oct 27 2013 19:23:55 GMT+0800 (CST)] /favicon.ico
Error: ENOENT, open '/home/qiuxj/WorkSpace-Node/xjoy/public/images/favicon.ico'
[Sun Oct 27 2013 19:23:57 GMT+0800 (CST)] /favicon.ico
Error: ENOENT, open '/home/qiuxj/WorkSpace-Node/xjoy/public/images/favicon.ico'
[Sun Oct 27 2013 19:23:59 GMT+0800 (CST)] /favicon.ico
Error: ENOENT, open '/home/qiuxj/WorkSpace-Node/xjoy/public/images/favicon.ico'
[Sun Oct 27 2013 19:24:00 GMT+0800 (CST)] /favicon.ico
Error: ENOENT, open '/home/qiuxj/WorkSpace-Node/xjoy/public/images/favicon.ico'
[Sun Oct 27 2013 19:24:09 GMT+0800 (CST)] /favicon.ico
Error: ENOENT, open '/home/qiuxj/WorkSpace-Node/xjoy/public/images/favicon.ico'
[Sun Oct 27 2013 19:24:11 GMT+0800 (CST)] /favicon.ico
Error: ENOENT, open '/home/qiuxj/WorkSpace-Node/xjoy/public/images/favicon.ico'
[Sun Oct 27 2013 19:25:39 GMT+0800 (CST)] /favicon.ico
Error: ENOENT, open '/home/qiuxj/WorkSpace-Node/xjoy/public/images/favicon.ico'
[Sun Oct 27 2013 19:25:40 GMT+0800 (CST)] /favicon.ico
Error: ENOENT, open '/home/qiuxj/WorkSpace-Node/xjoy/public/images/favicon.ico'
[Sun Oct 27 2013 19:25:42 GMT+0800 (CST)] /favicon.ico
Error: ENOENT, open '/home/qiuxj/WorkSpace-Node/xjoy/public/images/favicon.ico'
[Sun Oct 27 2013 19:26:35 GMT+0800 (CST)] /favicon.ico
Error: ENOENT, open '/home/qiuxj/WorkSpace-Node/xjoy/public/images/favicon.ico'
[Sun Oct 27 2013 19:26:44 GMT+0800 (CST)] /favicon.ico
Error: ENOENT, open '/home/qiuxj/WorkSpace-Node/xjoy/public/images/favicon.ico'
[Sun Oct 27 2013 19:26:50 GMT+0800 (CST)] /favicon.ico
Error: ENOENT, open '/home/qiuxj/WorkSpace-Node/xjoy/public/images/favicon.ico'
[Sun Oct 27 2013 19:26:52 GMT+0800 (CST)] /favicon.ico
Error: ENOENT, open '/home/qiuxj/WorkSpace-Node/xjoy/public/images/favicon.ico'
[Sun Oct 27 2013 19:26:54 GMT+0800 (CST)] /favicon.ico
Error: ENOENT, open '/home/qiuxj/WorkSpace-Node/xjoy/public/images/favicon.ico'
[Sun Oct 27 2013 19:26:56 GMT+0800 (CST)] /favicon.ico
Error: ENOENT, open '/home/qiuxj/WorkSpace-Node/xjoy/public/images/favicon.ico'
[Sun Oct 27 2013 19:28:07 GMT+0800 (CST)] /favicon.ico
Error: ENOENT, open '/home/qiuxj/WorkSpace-Node/xjoy/public/images/favicon.ico'
[Sun Oct 27 2013 19:28:10 GMT+0800 (CST)] /favicon.ico
Error: ENOENT, open '/home/qiuxj/WorkSpace-Node/xjoy/public/images/favicon.ico'
[Sun Oct 27 2013 19:31:00 GMT+0800 (CST)] /favicon.ico
Error: ENOENT, open '/home/qiuxj/WorkSpace-Node/xjoy/public/images/favicon.ico'
[Sun Oct 27 2013 19:31:02 GMT+0800 (CST)] /favicon.ico
Error: ENOENT, open '/home/qiuxj/WorkSpace-Node/xjoy/public/images/favicon.ico'
[Sun Oct 27 2013 19:31:22 GMT+0800 (CST)] /favicon.ico
Error: ENOENT, open '/home/qiuxj/WorkSpace-Node/xjoy/public/images/favicon.ico'
[Sun Oct 27 2013 19:31:24 GMT+0800 (CST)] /favicon.ico
Error: ENOENT, open '/home/qiuxj/WorkSpace-Node/xjoy/public/images/favicon.ico'
[Sun Oct 27 2013 19:31:34 GMT+0800 (CST)] /favicon.ico
Error: ENOENT, open '/home/qiuxj/WorkSpace-Node/xjoy/public/images/favicon.ico'
[Sun Oct 27 2013 19:31:45 GMT+0800 (CST)] /favicon.ico
Error: ENOENT, open '/home/qiuxj/WorkSpace-Node/xjoy/public/images/favicon.ico'
[Sun Oct 27 2013 19:32:11 GMT+0800 (CST)] /favicon.ico
Error: ENOENT, open '/home/qiuxj/WorkSpace-Node/xjoy/public/images/favicon.ico'
[Sun Oct 27 2013 19:32:12 GMT+0800 (CST)] /favicon.ico
Error: ENOENT, open '/home/qiuxj/WorkSpace-Node/xjoy/public/images/favicon.ico'
[Sun Oct 27 2013 19:32:14 GMT+0800 (CST)] /favicon.ico
Error: ENOENT, open '/home/qiuxj/WorkSpace-Node/xjoy/public/images/favicon.ico'
[Sun Oct 27 2013 19:32:16 GMT+0800 (CST)] /favicon.ico
Error: ENOENT, open '/home/qiuxj/WorkSpace-Node/xjoy/public/images/favicon.ico'
